7/2/2021 14:38:3 (THREAD #1)  Retour : 
7/2/2021 14:38:3 (THREAD #1)  Lecture : set/ cpc_sys.boot.bootscreen.gui = 1
7/2/2021 14:38:3 (THREAD #1) [SHELL CC+] > set/ cpc_sys.boot.bootscreen.gui = 1
7/2/2021 14:38:3 (THREAD #1) [CpcdosC+] Tentative d'execution : set/ cpc_sys.boot.bootscreen.gui = 1
 - CleID:1 [&B010110000000000100000001000001000011] -> 0x0000000001
 - Size:36 bytes
 - Niveau:5
 - idKernel:5
 - idOS:8
 - idUtilisateur:1
 - PID:1
 - TID:67
7/2/2021 14:38:3 (THREAD #1) [SHELL CC+] > Execution de : set/ cpc_sys.boot.bootscreen.gui = 1
7/2/2021 14:38:3 (THREAD #1) [CpcdosC+] Creation de la variable cpc_sys.boot.bootscreen.gui
 - CleID:23623372867 [&B010110000000000100000001000001000011] -> 0x0580101043
 - Taille:1 octets
 - Niveau:5
 - idKernel:5
 - idOS:8
 - idUtilisateur:1
 - PID:1
 - TID:67
7/2/2021 14:38:3 (THREAD #1) [CpcdosC+] Creation de la variable [OK] -> [0x00000002]
7/2/2021 14:38:3 (THREAD #1)  Retour : 
7/2/2021 14:38:3 (THREAD #1)  Lecture : set/ cpc_sys.boot.bootscreen.scr_res = 800x600
7/2/2021 14:38:3 (THREAD #1) [SHELL CC+] > set/ cpc_sys.boot.bootscreen.scr_res = 800x600
7/2/2021 14:38:3 (THREAD #1) [CpcdosC+] Tentative d'execution : set/ cpc_sys.boot.bootscreen.scr_res = 800x600
 - CleID:1 [&B010110000000000100000001000001000011] -> 0x0000000001
 - Size:46 bytes
 - Niveau:5
 - idKernel:5
 - idOS:8
 - idUtilisateur:1
 - PID:1
 - TID:67
7/2/2021 14:38:3 (THREAD #1) [SHELL CC+] > Execution de : set/ cpc_sys.boot.bootscreen.scr_res = 800x600
7/2/2021 14:38:3 (THREAD #1) [CpcdosC+] Creation de la variable cpc_sys.boot.bootscreen.scr_res
 - CleID:23623372867 [&B010110000000000100000001000001000011] -> 0x0580101043
 - Taille:7 octets
 - Niveau:5
 - idKernel:5
 - idOS:8
 - idUtilisateur:1
 - PID:1
 - TID:67
7/2/2021 14:38:3 (THREAD #1) [CpcdosC+] Creation de la variable [OK] -> [0x00000003]
7/2/2021 14:38:3 (THREAD #1)  Retour : 
7/2/2021 14:38:3 (THREAD #1)  Lecture : set/ cpc_sys.boot.bootscreen.fps = 5
7/2/2021 14:38:3 (THREAD #1) [SHELL CC+] > set/ cpc_sys.boot.bootscreen.fps = 5
7/2/2021 14:38:3 (THREAD #1) [CpcdosC+] Tentative d'execution : set/ cpc_sys.boot.bootscreen.fps = 5
 - CleID:1 [&B010110000000000100000001000001000011] -> 0x0000000001
 - Size:36 bytes
 - Niveau:5
 - idKernel:5
 - idOS:8
 - idUtilisateur:1
 - PID:1
 - TID:67
7/2/2021 14:38:3 (THREAD #1) [SHELL CC+] > Execution de : set/ cpc_sys.boot.bootscreen.fps = 5
7/2/2021 14:38:3 (THREAD #1) [CpcdosC+] Creation de la variable cpc_sys.boot.bootscreen.fps
 - CleID:23623372867 [&B010110000000000100000001000001000011] -> 0x0580101043
 - Taille:1 octets
 - Niveau:5
 - idKernel:5
 - idOS:8
 - idUtilisateur:1
 - PID:1
 - TID:67
7/2/2021 14:38:3 (THREAD #1) [CpcdosC+] Creation de la variable [OK] -> [0x00000004]
7/2/2021 14:38:3 (THREAD #1)  Retour : 
7/2/2021 14:38:3 (THREAD #1)  Lecture : set/ cpc_sys.boot.bootscreen.size = 19
7/2/2021 14:38:3 (THREAD #1) [SHELL CC+] > set/ cpc_sys.boot.bootscreen.size = 19
7/2/2021 14:38:3 (THREAD #1) [CpcdosC+] Tentative d'execution : set/ cpc_sys.boot.bootscreen.size = 19
 - CleID:1 [&B010110000000000100000001000001000011] -> 0x0000000001
 - Size:38 bytes
 - Niveau:5
 - idKernel:5
 - idOS:8
 - idUtilisateur:1
 - PID:1
 - TID:67
7/2/2021 14:38:3 (THREAD #1) [SHELL CC+] > Execution de : set/ cpc_sys.boot.bootscreen.size = 19
7/2/2021 14:38:3 (THREAD #1) [CpcdosC+] Creation de la variable cpc_sys.boot.bootscreen.size
 - CleID:23623372867 [&B010110000000000100000001000001000011] -> 0x0580101043
 - Taille:2 octets
 - Niveau:5
 - idKernel:5
 - idOS:8
 - idUtilisateur:1
 - PID:1
 - TID:67
7/2/2021 14:38:3 (THREAD #1) [CpcdosC+] Creation de la variable [OK] -> [0x00000005]
7/2/2021 14:38:3 (THREAD #1)  Retour : 
7/2/2021 14:38:3 (THREAD #1)  Lecture : set/ cpc_sys.boot.bootscreen.begin = 0
7/2/2021 14:38:3 (THREAD #1) [SHELL CC+] > set/ cpc_sys.boot.bootscreen.begin = 0
7/2/2021 14:38:3 (THREAD #1) [CpcdosC+] Tentative d'execution : set/ cpc_sys.boot.bootscreen.begin = 0
 - CleID:1 [&B010110000000000100000001000001000011] -> 0x0000000001
 - Size:38 bytes
 - Niveau:5
 - idKernel:5
 - idOS:8
 - idUtilisateur:1
 - PID:1
 - TID:67
7/2/2021 14:38:3 (THREAD #1) [SHELL CC+] > Execution de : set/ cpc_sys.boot.bootscreen.begin = 0
7/2/2021 14:38:3 (THREAD #1) [CpcdosC+] Creation de la variable cpc_sys.boot.bootscreen.begin
 - CleID:23623372867 [&B010110000000000100000001000001000011] -> 0x0580101043
 - Taille:1 octets
 - Niveau:5
 - idKernel:5
 - idOS:8
 - idUtilisateur:1
 - PID:1
 - TID:67
7/2/2021 14:38:3 (THREAD #1) [CpcdosC+] Creation de la variable [OK] -> [0x00000006]
7/2/2021 14:38:3 (THREAD #1)  Retour : 
7/2/2021 14:38:3 (THREAD #1)  Lecture : set/ cpc_sys.boot.bootscreen.loop = 0 
7/2/2021 14:38:3 (THREAD #1) [SHELL CC+] > set/ cpc_sys.boot.bootscreen.loop = 0 
7/2/2021 14:38:3 (THREAD #1) [CpcdosC+] Tentative d'execution : set/ cpc_sys.boot.bootscreen.loop = 0 
 - CleID:1 [&B010110000000000100000001000001000011] -> 0x0000000001
 - Size:38 bytes
 - Niveau:5
 - idKernel:5
 - idOS:8
 - idUtilisateur:1
 - PID:1
 - TID:67
7/2/2021 14:38:3 (THREAD #1) [SHELL CC+] > Execution de : set/ cpc_sys.boot.bootscreen.loop = 0 
7/2/2021 14:38:3 (THREAD #1) [CpcdosC+] Creation de la variable cpc_sys.boot.bootscreen.loop
 - CleID:23623372867 [&B010110000000000100000001000001000011] -> 0x0580101043
 - Taille:2 octets
 - Niveau:5
 - idKernel:5
 - idOS:8
 - idUtilisateur:1
 - PID:1
 - TID:67
7/2/2021 14:38:3 (THREAD #1) [CpcdosC+] Creation de la variable [OK] -> [0x00000007]
7/2/2021 14:38:3 (THREAD #1)  Retour : 
7/2/2021 14:38:3 (THREAD #1) [CpcdosC+] Fin d'execution de OS\MAVERICK
MAVERICK:MAVERIC\BOOT\CONFIG.CPC
7/2/2021 14:38:3 (THREAD #1) [CpcdosC+] Nettoyage memoire [OK] (PID:1 TID:67)
7/2/2021 14:38:3 (THREAD #1) [SYSTEME] Test de l'existence de 800x600x24...
7/2/2021 14:38:3 (THREAD #1) [SYSTEME] Listage des resolutions d'ecran en 24 bits
7/2/2021 14:38:3 (THREAD #1) [SYSTEME] 800x600x24 support‚e par votre carte graphique!
7/2/2021 14:38:3 (THREAD #1) [SCI] Test de la r‚solution 800x600x24 ...
7/2/2021 14:38:3 (THREAD #1) [SYSTEME] Test de l'existence de 800x600x24...
7/2/2021 14:38:3 (THREAD #1) [SYSTEME] Listage des resolutions d'ecran en 24 bits
7/2/2021 14:38:3 (THREAD #1) [SYSTEME] 800x600x24 support‚e par votre carte graphique!
7/2/2021 14:38:3 (THREAD #1) [SCI] R‚solution compatible avec votre carte graphique. Tentative d'application...
7/2/2021 14:38:3 (THREAD #1) [SYSTEME] Changement en '800x600x24' ... 
[OK] PTR:[0x0000000001A46C60]
7/2/2021 14:38:3 (THREAD #1) [SCI] Resolution 800x600x24 appliqu‚e avec succes!
7/2/2021 14:38:3 (THREAD #1) [_memoire_bitmap] Creer_BITMAP_depuis_FILE() parent handle:1111 Source 'OS\MAVERICK
MAVERICK:MAVERIC\boot\img_0.png'
[CPCDOS] Charge_Image() 'OS\MAVERICK
MAVERICK:MAVERIC\BOOT\IMG_0.PNG' --> Format PNG supporte!
7/2/2021 14:38:3 (THREAD #1) [SYSTEME] Chargement d'une image PNG(v1.5.23) 'OS\MAVERICK
MAVERICK:MAVERIC\BOOT\IMG_0.PNG' ...
7/2/2021 14:38:3 (THREAD #1) [SYSTEME] Information du PNG charg‚ RVBA r‚solution:800x600x32 profondeur:8 canal:4
7/2/2021 14:38:3 (THREAD #1)  PTR source 0x0A3D88D8 3200 rowbytes
7/2/2021 14:38:3 (THREAD #1) Deallocation
7/2/2021 14:38:3 (THREAD #1) [SYSTEME] Chargement du PNG termine!
Creer_BITMAP_depuis_FILE() [OK] id:1 offset bitmap [0xA203CA0] 24 bits
7/2/2021 14:38:3 (THREAD #1) [_memoire_bitmap] Creer_BITMAP_depuis_FILE() parent handle:1111 Source 'OS\MAVERICK
MAVERICK:MAVERIC\boot\img_1.png'
[CPCDOS] Charge_Image() 'OS\MAVERICK
MAVERICK:MAVERIC\BOOT\IMG_1.PNG' --> Format PNG supporte!
7/2/2021 14:38:3 (THREAD #1) [SYSTEME] Chargement d'une image PNG(v1.5.23) 'OS\MAVERICK
MAVERICK:MAVERIC\BOOT\IMG_1.PNG' ...
7/2/2021 14:38:3 (THREAD #1) [SYSTEME] Information du PNG charg‚ RVBA r‚solution:800x600x32 profondeur:8 canal:4
7/2/2021 14:38:3 (THREAD #1)  PTR source 0x0A3D88D8 3200 rowbytes
7/2/2021 14:38:3 (THREAD #1) Deallocation
7/2/2021 14:38:3 (THREAD #1) [SYSTEME] Chargement du PNG termine!
Creer_BITMAP_depuis_FILE() [OK] id:2 offset bitmap [0xA3E3590] 24 bits
7/2/2021 14:38:3 (THREAD #1) [_memoire_bitmap] Creer_BITMAP_depuis_FILE() parent handle:1111 Source 'OS\MAVERICK
MAVERICK:MAVERIC\boot\img_2.png'
[CPCDOS] Charge_Image() 'OS\MAVERICK
MAVERICK:MAVERIC\BOOT\IMG_2.PNG' --> Format PNG supporte!
7/2/2021 14:38:3 (THREAD #1) [SYSTEME] Chargement d'une image PNG(v1.5.23) 'OS\MAVERICK
MAVERICK:MAVERIC\BOOT\IMG_2.PNG' ...
7/2/2021 14:38:3 (THREAD #1) [SYSTEME] Information du PNG charg‚ RVBA r‚solution:800x600x32 profondeur:8 canal:4
7/2/2021 14:38:3 (THREAD #1)  PTR source 0x0A5B81D0 3200 rowbytes
7/2/2021 14:38:3 (THREAD #1) Deallocation
7/2/2021 14:38:3 (THREAD #1) [SYSTEME] Chargement du PNG termine!
Creer_BITMAP_depuis_FILE() [OK] id:3 offset bitmap [0xA5BA1F0] 24 bits
7/2/2021 14:38:3 (THREAD #1) [_memoire_bitmap] Creer_BITMAP_depuis_FILE() parent handle:1111 Source 'OS\MAVERICK
MAVERICK:MAVERIC\boot\img_3.png'
[CPCDOS] Charge_Image() 'OS\MAVERICK
MAVERICK:MAVERIC\BOOT\IMG_3.PNG' --> Format PNG supporte!
7/2/2021 14:38:3 (THREAD #1) [SYSTEME] Chargement d'une image PNG(v1.5.23) 'OS\MAVERICK
MAVERICK:MAVERIC\BOOT\IMG_3.PNG' ...
7/2/2021 14:38:3 (THREAD #1) [SYSTEME] Information du PNG charg‚ RVBA r‚solution:800x600x32 profondeur:8 canal:4
7/2/2021 14:38:3 (THREAD #1)  PTR source 0x0A5B81D0 3200 rowbytes
7/2/2021 14:38:4 (THREAD #1) Deallocation
7/2/2021 14:38:4 (THREAD #1) [SYSTEME] Chargement du PNG termine!
Creer_BITMAP_depuis_FILE() [OK] id:4 offset bitmap [0xA78EE30] 24 bits
7/2/2021 14:38:4 (THREAD #1) [_memoire_bitmap] Creer_BITMAP_depuis_FILE() parent handle:1111 Source 'OS\MAVERICK
MAVERICK:MAVERIC\boot\img_4.png'
[CPCDOS] Charge_Image() 'OS\MAVERICK
MAVERICK:MAVERIC\BOOT\IMG_4.PNG' --> Format PNG supporte!
7/2/2021 14:38:4 (THREAD #1) [SYSTEME] Chargement d'une image PNG(v1.5.23) 'OS\MAVERICK
MAVERICK:MAVERIC\BOOT\IMG_4.PNG' ...
7/2/2021 14:38:4 (THREAD #1) [SYSTEME] Information du PNG charg‚ RVBA r‚solution:800x600x32 profondeur:8 canal:4
7/2/2021 14:38:4 (THREAD #1)  PTR source 0x0A5B81D0 3200 rowbytes
7/2/2021 14:38:4 (THREAD #1) Deallocation
7/2/2021 14:38:4 (THREAD #1) [SYSTEME] Chargement du PNG termine!
Creer_BITMAP_depuis_FILE() [OK] id:5 offset bitmap [0xA963A80] 24 bits
7/2/2021 14:38:4 (THREAD #1) [_memoire_bitmap] Creer_BITMAP_depuis_FILE() parent handle:1111 Source 'OS\MAVERICK
MAVERICK:MAVERIC\boot\img_5.png'
[CPCDOS] Charge_Image() 'OS\MAVERICK
MAVERICK:MAVERIC\BOOT\IMG_5.PNG' --> Format PNG supporte!
7/2/2021 14:38:4 (THREAD #1) [SYSTEME] Chargement d'une image PNG(v1.5.23) 'OS\MAVERICK
MAVERICK:MAVERIC\BOOT\IMG_5.PNG' ...
7/2/2021 14:38:4 (THREAD #1) [SYSTEME] Information du PNG charg‚ RVBA r‚solution:800x600x32 profondeur:8 canal:4
7/2/2021 14:38:4 (THREAD #1)  PTR source 0x0A5B81D0 3200 rowbytes
7/2/2021 14:38:4 (THREAD #1) Deallocation
7/2/2021 14:38:4 (THREAD #1) [SYSTEME] Chargement du PNG termine!
Creer_BITMAP_depuis_FILE() [OK] id:6 offset bitmap [0xAB386C0] 24 bits
7/2/2021 14:38:4 (THREAD #1) [_memoire_bitmap] Creer_BITMAP_depuis_FILE() parent handle:1111 Source 'OS\MAVERICK
MAVERICK:MAVERIC\boot\img_6.png'
[CPCDOS] Charge_Image() 'OS\MAVERICK
MAVERICK:MAVERIC\BOOT\IMG_6.PNG' --> Format PNG supporte!
7/2/2021 14:38:4 (THREAD #1) [SYSTEME] Chargement d'une image PNG(v1.5.23) 'OS\MAVERICK
MAVERICK:MAVERIC\BOOT\IMG_6.PNG' ...
7/2/2021 14:38:4 (THREAD #1) [SYSTEME] Information du PNG charg‚ RVBA r‚solution:800x600x32 profondeur:8 canal:4
7/2/2021 14:38:4 (THREAD #1)  PTR source 0x0A5B81D0 3200 rowbytes
7/2/2021 14:38:4 (THREAD #1) Deallocation
7/2/2021 14:38:4 (THREAD #1) [SYSTEME] Chargement du PNG termine!
Creer_BITMAP_depuis_FILE() [OK] id:7 offset bitmap [0xAD0D310] 24 bits
7/2/2021 14:38:4 (THREAD #1) [_memoire_bitmap] Creer_BITMAP_depuis_FILE() parent handle:1111 Source 'OS\MAVERICK
MAVERICK:MAVERIC\boot\img_7.png'
[CPCDOS] Charge_Image() 'OS\MAVERICK
MAVERICK:MAVERIC\BOOT\IMG_7.PNG' --> Format PNG supporte!
7/2/2021 14:38:4 (THREAD #1) [SYSTEME] Chargement d'une image PNG(v1.5.23) 'OS\MAVERICK
MAVERICK:MAVERIC\BOOT\IMG_7.PNG' ...
7/2/2021 14:38:4 (THREAD #1) [SYSTEME] Information du PNG charg‚ RVBA r‚solution:800x600x32 profondeur:8 canal:4
7/2/2021 14:38:4 (THREAD #1)  PTR source 0x0A5B81D0 3200 rowbytes
7/2/2021 14:38:4 (THREAD #1) Deallocation
7/2/2021 14:38:4 (THREAD #1) [SYSTEME] Chargement du PNG termine!
Creer_BITMAP_depuis_FILE() [OK] id:8 offset bitmap [0xAEE1F50] 24 bits
7/2/2021 14:38:4 (THREAD #1) [_memoire_bitmap] Creer_BITMAP_depuis_FILE() parent handle:1111 Source 'OS\MAVERICK
MAVERICK:MAVERIC\boot\img_8.png'
[CPCDOS] Charge_Image() 'OS\MAVERICK
MAVERICK:MAVERIC\BOOT\IMG_8.PNG' --> Format PNG supporte!
7/2/2021 14:38:4 (THREAD #1) [SYSTEME] Chargement d'une image PNG(v1.5.23) 'OS\MAVERICK
MAVERICK:MAVERIC\BOOT\IMG_8.PNG' ...
7/2/2021 14:38:4 (THREAD #1) [SYSTEME] Information du PNG charg‚ RVBA r‚solution:800x600x32 profondeur:8 canal:4
7/2/2021 14:38:4 (THREAD #1)  PTR source 0x0A5B81D0 3200 rowbytes
7/2/2021 14:38:4 (THREAD #1) Deallocation
7/2/2021 14:38:4 (THREAD #1) [SYSTEME] Chargement du PNG termine!
Creer_BITMAP_depuis_FILE() [OK] id:9 offset bitmap [0xB0B6BA0] 24 bits
7/2/2021 14:38:4 (THREAD #1) [_memoire_bitmap] Creer_BITMAP_depuis_FILE() parent handle:1111 Source 'OS\MAVERICK
MAVERICK:MAVERIC\boot\img_9.png'
[CPCDOS] Charge_Image() 'OS\MAVERICK
MAVERICK:MAVERIC\BOOT\IMG_9.PNG' --> Format PNG supporte!
7/2/2021 14:38:4 (THREAD #1) [SYSTEME] Chargement d'une image PNG(v1.5.23) 'OS\MAVERICK
MAVERICK:MAVERIC\BOOT\IMG_9.PNG' ...
7/2/2021 14:38:4 (THREAD #1) [SYSTEME] Information du PNG charg‚ RVBA r‚solution:800x600x32 profondeur:8 canal:4
7/2/2021 14:38:4 (THREAD #1)  PTR source 0x0A5B81D0 3200 rowbytes
7/2/2021 14:38:4 (THREAD #1) Deallocation
7/2/2021 14:38:4 (THREAD #1) [SYSTEME] Chargement du PNG termine!
Creer_BITMAP_depuis_FILE() [OK] id:10 offset bitmap [0xB28B7E0] 24 bits
7/2/2021 14:38:4 (THREAD #1) [_memoire_bitmap] Creer_BITMAP_depuis_FILE() parent handle:1111 Source 'OS\MAVERICK
MAVERICK:MAVERIC\boot\img_10.png'
[CPCDOS] Charge_Image() 'OS\MAVERICK
MAVERICK:MAVERIC\BOOT\IMG_10.PNG' --> Format PNG supporte!
7/2/2021 14:38:4 (THREAD #1) [SYSTEME] Chargement d'une image PNG(v1.5.23) 'OS\MAVERICK
MAVERICK:MAVERIC\BOOT\IMG_10.PNG' ...
7/2/2021 14:38:4 (THREAD #1) [SYSTEME] Information du PNG charg‚ RVBA r‚solution:800x600x32 profondeur:8 canal:4
7/2/2021 14:38:4 (THREAD #1)  PTR source 0x0A5B81D0 3200 rowbytes
7/2/2021 14:38:4 (THREAD #1) Deallocation
7/2/2021 14:38:4 (THREAD #1) [SYSTEME] Chargement du PNG termine!
Creer_BITMAP_depuis_FILE() [OK] id:11 offset bitmap [0xB460430] 24 bits
7/2/2021 14:38:4 (THREAD #1) [_memoire_bitmap] Creer_BITMAP_depuis_FILE() parent handle:1111 Source 'OS\MAVERICK
MAVERICK:MAVERIC\boot\img_11.png'
[CPCDOS] Charge_Image() 'OS\MAVERICK
MAVERICK:MAVERIC\BOOT\IMG_11.PNG' --> Format PNG supporte!
7/2/2021 14:38:4 (THREAD #1) [SYSTEME] Chargement d'une image PNG(v1.5.23) 'OS\MAVERICK
MAVERICK:MAVERIC\BOOT\IMG_11.PNG' ...
7/2/2021 14:38:4 (THREAD #1) [SYSTEME] Information du PNG charg‚ RVBA r‚solution:800x600x32 profondeur:8 canal:4
7/2/2021 14:38:4 (THREAD #1)  PTR source 0x0A5B81D0 3200 rowbytes
7/2/2021 14:38:4 (THREAD #1) Deallocation
7/2/2021 14:38:4 (THREAD #1) [SYSTEME] Chargement du PNG termine!
Creer_BITMAP_depuis_FILE() [OK] id:12 offset bitmap [0xB635070] 24 bits
7/2/2021 14:38:4 (THREAD #1) [_memoire_bitmap] Creer_BITMAP_depuis_FILE() parent handle:1111 Source 'OS\MAVERICK
MAVERICK:MAVERIC\boot\img_12.png'
[CPCDOS] Charge_Image() 'OS\MAVERICK
MAVERICK:MAVERIC\BOOT\IMG_12.PNG' --> Format PNG supporte!
7/2/2021 14:38:4 (THREAD #1) [SYSTEME] Chargement d'une image PNG(v1.5.23) 'OS\MAVERICK
MAVERICK:MAVERIC\BOOT\IMG_12.PNG' ...
7/2/2021 14:38:4 (THREAD #1) [SYSTEME] Information du PNG charg‚ RVBA r‚solution:800x600x32 profondeur:8 canal:4
7/2/2021 14:38:4 (THREAD #1)  PTR source 0x0A5B81D0 3200 rowbytes
7/2/2021 14:38:4 (THREAD #1) Deallocation
7/2/2021 14:38:4 (THREAD #1) [SYSTEME] Chargement du PNG termine!
Creer_BITMAP_depuis_FILE() [OK] id:13 offset bitmap [0xB809CC0] 24 bits
7/2/2021 14:38:4 (THREAD #1) [_memoire_bitmap] Creer_BITMAP_depuis_FILE() parent handle:1111 Source 'OS\MAVERICK
MAVERICK:MAVERIC\boot\img_13.png'
[CPCDOS] Charge_Image() 'OS\MAVERICK
MAVERICK:MAVERIC\BOOT\IMG_13.PNG' --> Format PNG supporte!
7/2/2021 14:38:4 (THREAD #1) [SYSTEME] Chargement d'une image PNG(v1.5.23) 'OS\MAVERICK
MAVERICK:MAVERIC\BOOT\IMG_13.PNG' ...
7/2/2021 14:38:4 (THREAD #1) [SYSTEME] Information du PNG charg‚ RVBA r‚solution:800x600x32 profondeur:8 canal:4
7/2/2021 14:38:4 (THREAD #1)  PTR source 0x0A5B8E90 3200 rowbytes
7/2/2021 14:38:4 (THREAD #1) Deallocation
7/2/2021 14:38:4 (THREAD #1) [SYSTEME] Chargement du PNG termine!
Creer_BITMAP_depuis_FILE() [OK] id:14 offset bitmap [0xB9DE900] 24 bits
7/2/2021 14:38:4 (THREAD #1) [_memoire_bitmap] Creer_BITMAP_depuis_FILE() parent handle:1111 Source 'OS\MAVERICK
MAVERICK:MAVERIC\boot\img_14.png'
[CPCDOS] Charge_Image() 'OS\MAVERICK
MAVERICK:MAVERIC\BOOT\IMG_14.PNG' --> Format PNG supporte!
7/2/2021 14:38:4 (THREAD #1) [SYSTEME] Chargement d'une image PNG(v1.5.23) 'OS\MAVERICK
MAVERICK:MAVERIC\BOOT\IMG_14.PNG' ...
7/2/2021 14:38:4 (THREAD #1) [SYSTEME] Information du PNG charg‚ RVBA r‚solution:800x600x32 profondeur:8 canal:4
7/2/2021 14:38:4 (THREAD #1)  PTR source 0x0A5B8E90 3200 rowbytes
7/2/2021 14:38:4 (THREAD #1) Deallocation
7/2/2021 14:38:4 (THREAD #1) [SYSTEME] Chargement du PNG termine!
Creer_BITMAP_depuis_FILE() [OK] id:15 offset bitmap [0xBBB3550] 24 bits
7/2/2021 14:38:4 (THREAD #1) [_memoire_bitmap] Creer_BITMAP_depuis_FILE() parent handle:1111 Source 'OS\MAVERICK
MAVERICK:MAVERIC\boot\img_15.png'
[CPCDOS] Charge_Image() 'OS\MAVERICK
MAVERICK:MAVERIC\BOOT\IMG_15.PNG' --> Format PNG supporte!
7/2/2021 14:38:4 (THREAD #1) [SYSTEME] Chargement d'une image PNG(v1.5.23) 'OS\MAVERICK
MAVERICK:MAVERIC\BOOT\IMG_15.PNG' ...
7/2/2021 14:38:4 (THREAD #1) [SYSTEME] Information du PNG charg‚ RVBA r‚solution:800x600x32 profondeur:8 canal:4
7/2/2021 14:38:4 (THREAD #1)  PTR source 0x0A5B8E90 3200 rowbytes
7/2/2021 14:38:4 (THREAD #1) Deallocation
7/2/2021 14:38:4 (THREAD #1) [SYSTEME] Chargement du PNG termine!
Creer_BITMAP_depuis_FILE() [OK] id:16 offset bitmap [0xBD88190] 24 bits
7/2/2021 14:38:4 (THREAD #1) [_memoire_bitmap] Creer_BITMAP_depuis_FILE() parent handle:1111 Source 'OS\MAVERICK
MAVERICK:MAVERIC\boot\img_16.png'
[CPCDOS] Charge_Image() 'OS\MAVERICK
MAVERICK:MAVERIC\BOOT\IMG_16.PNG' --> Format PNG supporte!
7/2/2021 14:38:4 (THREAD #1) [SYSTEME] Chargement d'une image PNG(v1.5.23) 'OS\MAVERICK
MAVERICK:MAVERIC\BOOT\IMG_16.PNG' ...
7/2/2021 14:38:4 (THREAD #1) [SYSTEME] Information du PNG charg‚ RVBA r‚solution:800x600x32 profondeur:8 canal:4
7/2/2021 14:38:4 (THREAD #1)  PTR source 0x0A5B8E90 3200 rowbytes
7/2/2021 14:38:4 (THREAD #1) Deallocation
7/2/2021 14:38:4 (THREAD #1) [SYSTEME] Chargement du PNG termine!
Creer_BITMAP_depuis_FILE() [OK] id:17 offset bitmap [0xBF5CDE0] 24 bits
7/2/2021 14:38:4 (THREAD #1) [_memoire_bitmap] Creer_BITMAP_depuis_FILE() parent handle:1111 Source 'OS\MAVERICK
MAVERICK:MAVERIC\boot\img_17.png'
[CPCDOS] Charge_Image() 'OS\MAVERICK
MAVERICK:MAVERIC\BOOT\IMG_17.PNG' --> Format PNG supporte!
7/2/2021 14:38:4 (THREAD #1) [SYSTEME] Chargement d'une image PNG(v1.5.23) 'OS\MAVERICK
MAVERICK:MAVERIC\BOOT\IMG_17.PNG' ...
7/2/2021 14:38:4 (THREAD #1) [SYSTEME] Information du PNG charg‚ RVBA r‚solution:800x600x32 profondeur:8 canal:4
7/2/2021 14:38:4 (THREAD #1)  PTR source 0x0A5B8E90 3200 rowbytes
7/2/2021 14:38:4 (THREAD #1) Deallocation
7/2/2021 14:38:4 (THREAD #1) [SYSTEME] Chargement du PNG termine!
Creer_BITMAP_depuis_FILE() [OK] id:18 offset bitmap [0xC131A20] 24 bits
7/2/2021 14:38:4 (THREAD #1) [_memoire_bitmap] Creer_BITMAP_depuis_FILE() parent handle:1111 Source 'OS\MAVERICK
MAVERICK:MAVERIC\boot\img_18.png'
[CPCDOS] Charge_Image() 'OS\MAVERICK
MAVERICK:MAVERIC\BOOT\IMG_18.PNG' --> Format PNG supporte!
7/2/2021 14:38:4 (THREAD #1) [SYSTEME] Chargement d'une image PNG(v1.5.23) 'OS\MAVERICK
MAVERICK:MAVERIC\BOOT\IMG_18.PNG' ...
7/2/2021 14:38:4 (THREAD #1) [SYSTEME] Information du PNG charg‚ RVBA r‚solution:800x600x32 profondeur:8 canal:4
7/2/2021 14:38:4 (THREAD #1)  PTR source 0x0A5B8E90 3200 rowbytes
7/2/2021 14:38:4 (THREAD #1) Deallocation
7/2/2021 14:38:4 (THREAD #1) [SYSTEME] Chargement du PNG termine!
Creer_BITMAP_depuis_FILE() [OK] id:19 offset bitmap [0xC306670] 24 bits
7/2/2021 14:38:4 (THREAD #1) [_memoire_bitmap] Creer_BITMAP_depuis_FILE() parent handle:1111 Source 'OS\MAVERICK
MAVERICK:MAVERIC\boot\img_19.png'
[CPCDOS] Charge_Image() 'OS\MAVERICK
MAVERICK:MAVERIC\BOOT\IMG_19.PNG' --> Format PNG supporte!
7/2/2021 14:38:4 (THREAD #1) [SYSTEME] Chargement d'une image PNG(v1.5.23) 'OS\MAVERICK
MAVERICK:MAVERIC\BOOT\IMG_19.PNG' ...
7/2/2021 14:38:4 (THREAD #1) [SYSTEME] Information du PNG charg‚ RVBA r‚solution:800x600x32 profondeur:8 canal:4
7/2/2021 14:38:4 (THREAD #1)  PTR source 0x0A5B8E90 3200 rowbytes
7/2/2021 14:38:4 (THREAD #1) Deallocation
7/2/2021 14:38:4 (THREAD #1) [SYSTEME] Chargement du PNG termine!
Creer_BITMAP_depuis_FILE() [OK] id:20 offset bitmap [0xC4DB2B0] 24 bits
7/2/2021 14:38:4 (THREAD #1) [Initialiser_BootScreen] Creation du thread boot screen anime PID:1...


[THREAD #3]
 
7/2/2021 14:38:4 (THREAD #3) Execution
 * (
0xC6BFE5C
)._eip        : '0x00012BD0'
 * (
0xC6BFE5C
)._esp        : '0x00000000'
 * (
0xC6BFE5C
)._stack      : '0x00000000'
 * (
0xC6BFE5C
).Nom         : 'THREAD_BOOTSCREEN '
 * (
0xC6BFE5C
).PROC_ID     : '1'
 * (
0xC6BFE5C
).OS_ID       : '0'
 * (
0xC6BFE5C
).USER_ID     : '0'
 * (
0xC6BFE5C
).THREAD_ID   : '3'

7/2/2021 14:38:4 (THREAD #3) [BootScreen] Animation boot screen ... REGARDEZ-MOI COMME JE SUIS BEAU !
7/2/2021 14:38:4 (THREAD #1) [SHELL CC+] > EXE/ KRNL\KRNL.CPC
7/2/2021 14:38:4 (THREAD #1) [CpcdosC+] Tentative d'execution : EXE/ KRNL\KRNL.CPC
 - CleID:1 [&B010110000000000100000001000000000001] -> 0x0000000001
 - Size:18 bytes
 - Niveau:5
 - idKernel:5
 - idOS:8
 - idUtilisateur:1
 - PID:1
 - TID:1
7/2/2021 14:38:4 (THREAD #1) [SHELL CC+] > Execution de : EXE/ KRNL\KRNL.CPC
7/2/2021 14:38:4 (THREAD #1) [CpcdosC+] Creation d'un processus d'execution CCP...
7/2/2021 14:38:4 (THREAD #1) [CpcdosC+][CPinti] OK, Test de l'existence de 'KRNL\KRNL.CPC' ...
7/2/2021 14:38:4 (THREAD #1) [CpcdosC+] OK, Ouverture de 'KRNL\KRNL.CPC' ...
7/2/2021 14:38:4 (THREAD #1) [CpcdosC+] Taille 1966 octets ...
7/2/2021 14:38:4 (THREAD #1)  - Cle id:23623372801
7/2/2021 14:38:4 (THREAD #1) [CpcdosC+] Redefinition de la cle d'identification d'executable
[OK] --> CleID:23623372877 [&B010110000000000100000001000001001101] -> 0x058010104D (TID:1)
7/2/2021 14:38:4 (THREAD #1) [SHELL CC+] > FIX/ _EXE_PATH_ = KRNL\KRNL.CPC
7/2/2021 14:38:4 (THREAD #1) [CpcdosC+] Tentative d'execution : FIX/ _EXE_PATH_ = KRNL\KRNL.CPC
 - CleID:1 [&B010110000000000100000001000001001101] -> 0x0000000001
 - Size:31 bytes
 - Niveau:2
 - idKernel:5
 - idOS:8
 - idUtilisateur:1
 - PID:1
 - TID:77
7/2/2021 14:38:4 (THREAD #1) /!\ French syntax is deprecated and will be removed in future major release ! You should use SET/ instead
7/2/2021 14:38:4 (THREAD #1) [SHELL CC+] > Execution de : FIX/ _EXE_PATH_ = KRNL\KRNL.CPC
7/2/2021 14:38:4 (THREAD #1) [CpcdosC+] Creation de la variable _EXE_PATH_
 - CleID:23623372877 [&B010110000000000100000001000001001101] -> 0x058010104D
 - Taille:13 octets
 - Niveau:2
 - idKernel:5
 - idOS:8
 - idUtilisateur:1
 - PID:1
 - TID:77
7/2/2021 14:38:4 (THREAD #1) [CpcdosC+] Creation de la variable [OK] -> [0x00000001]
7/2/2021 14:38:4 (THREAD #1) [SHELL CC+] > FIX/ _EXE_PATH_F_ = KRNL
7/2/2021 14:38:4 (THREAD #1) [CpcdosC+] Tentative d'execution : FIX/ _EXE_PATH_F_ = KRNL
 - CleID:1 [&B010110000000000100000001000001001101] -> 0x0000000001
 - Size:24 bytes
 - Niveau:2
 - idKernel:5
 - idOS:8
 - idUtilisateur:1
 - PID:1
 - TID:77
7/2/2021 14:38:4 (THREAD #1) /!\ French syntax is deprecated and will be removed in future major release ! You should use SET/ instead
7/2/2021 14:38:4 (THREAD #1) [SHELL CC+] > Execution de : FIX/ _EXE_PATH_F_ = KRNL
7/2/2021 14:38:4 (THREAD #1) [CpcdosC+] Creation de la variable _EXE_PATH_F_
 - CleID:23623372877 [&B010110000000000100000001000001001101] -> 0x058010104D
 - Taille:4 octets
 - Niveau:2
 - idKernel:5
 - idOS:8
 - idUtilisateur:1
 - PID:1
 - TID:77
7/2/2021 14:38:4 (THREAD #1) [CpcdosC+] Creation de la variable [OK] -> [0x00000002]
7/2/2021 14:38:4 (THREAD #1) [SHELL CC+] > FIX/ _EXE_PID_ = 1
7/2/2021 14:38:4 (THREAD #1) [CpcdosC+] Tentative d'execution : FIX/ _EXE_PID_ = 1
 - CleID:1 [&B010110000000000100000001000001001101] -> 0x0000000001
 - Size:18 bytes
 - Niveau:2
 - idKernel:5
 - idOS:8
 - idUtilisateur:1
 - PID:1
 - TID:77
7/2/2021 14:38:4 (THREAD #1) /!\ French syntax is deprecated and will be removed in future major release ! You should use SET/ instead
7/2/2021 14:38:4 (THREAD #1) [SHELL CC+] > Execution de : FIX/ _EXE_PID_ = 1
7/2/2021 14:38:4 (THREAD #1) [CpcdosC+] Creation de la variable _EXE_PID_
 - CleID:23623372877 [&B010110000000000100000001000001001101] -> 0x058010104D
 - Taille:1 octets
 - Niveau:2
 - idKernel:5
 - idOS:8
 - idUtilisateur:1
 - PID:1
 - TID:77
7/2/2021 14:38:4 (THREAD #1) [CpcdosC+] Creation de la variable [OK] -> [0x00000003]
7/2/2021 14:38:4 (THREAD #1) [SHELL CC+] > FIX/ _EXE_TID_ = 1
7/2/2021 14:38:4 (THREAD #1) [CpcdosC+] Tentative d'execution : FIX/ _EXE_TID_ = 1
 - CleID:1 [&B010110000000000100000001000001001101] -> 0x0000000001
 - Size:18 bytes
 - Niveau:2
 - idKernel:5
 - idOS:8
 - idUtilisateur:1
 - PID:1
 - TID:77
7/2/2021 14:38:4 (THREAD #1) /!\ French syntax is deprecated and will be removed in future major release ! You should use SET/ instead
7/2/2021 14:38:4 (THREAD #1) [SHELL CC+] > Execution de : FIX/ _EXE_TID_ = 1
7/2/2021 14:38:4 (THREAD #1) [CpcdosC+] Creation de la variable _EXE_TID_
 - CleID:23623372877 [&B010110000000000100000001000001001101] -> 0x058010104D
 - Taille:1 octets
 - Niveau:2
 - idKernel:5
 - idOS:8
 - idUtilisateur:1
 - PID:1
 - TID:77
7/2/2021 14:38:4 (THREAD #1) [CpcdosC+] Creation de la variable [OK] -> [0x00000004]
7/2/2021 14:38:4 (THREAD #1) [SHELL CC+] > FIX/ _EXE_DATE_ = 2021-2-7 14:38:4
7/2/2021 14:38:4 (THREAD #1) [CpcdosC+] Tentative d'execution : FIX/ _EXE_DATE_ = 2021-2-7 14:38:4
 - CleID:1 [&B010110000000000100000001000001001101] -> 0x0000000001
 - Size:34 bytes
 - Niveau:2
 - idKernel:5
 - idOS:8
 - idUtilisateur:1
 - PID:1
 - TID:77
7/2/2021 14:38:4 (THREAD #1) /!\ French syntax is deprecated and will be removed in future major release ! You should use SET/ instead
7/2/2021 14:38:4 (THREAD #1) [SHELL CC+] > Execution de : FIX/ _EXE_DATE_ = 2021-2-7 14:38:4
7/2/2021 14:38:4 (THREAD #1) [CpcdosC+] Creation de la variable _EXE_DATE_
 - CleID:23623372877 [&B010110000000000100000001000001001101] -> 0x058010104D
 - Taille:16 octets
 - Niveau:2
 - idKernel:5
 - idOS:8
 - idUtilisateur:1
 - PID:1
 - TID:77
7/2/2021 14:38:4 (THREAD #1) [CpcdosC+] Creation de la variable [OK] -> [0x00000005]
7/2/2021 14:38:4 (THREAD #1) [_memoire_bitmap] Recuperer_BITMAP_PTR() [ERREUR] NumeroID : 0
